<?xml version="1.0" encoding="UTF-8"?>
<testsuite xmlns:xsi="http://www.w3.org/2001/XMLSchema-instance" xsi:noNamespaceSchemaLocation="https://maven.apache.org/surefire/maven-surefire-plugin/xsd/surefire-test-report-3.0.xsd" version="3.0" name="es.uab.tqs.parchis.model.JuegoTest" time="1.002" tests="5" errors="0" skipped="0" failures="0">
  <properties>
[...]
</properties>
  <testcase name="testCambioDeTurnoConTiradaNormal" classname="es.uab.tqs.parchis.model.JuegoTest" time="0.851">
    <system-out><![CDATA[┌───────┐
│ O     │
│   O   │
│     O │
└───────┘

Alice, no hay fichas que puedas mover con 3
]]></system-out>
  </testcase>
  <testcase name="testJugadorNoPuedeMoverYPasaTurno" classname="es.uab.tqs.parchis.model.JuegoTest" time="0.082">
    <system-out><![CDATA[┌───────┐
│ O     │
│   O   │
│     O │
└───────┘

]]></system-out>
  </testcase>
  <testcase name="testVictoriaJugador" classname="es.uab.tqs.parchis.model.JuegoTest" time="0.053">
    <system-out><![CDATA[┌───────┐
│ O     │
│   O   │
│     O │
└───────┘

Alice, no hay fichas que puedas mover con 3
]]></system-out>
  </testcase>
  <testcase name="testPrimerTurnoEsPrimerJugador" classname="es.uab.tqs.parchis.model.JuegoTest" time="0.002"/>
  <testcase name="testJugadorSaca6YRepiteTurno" classname="es.uab.tqs.parchis.model.JuegoTest" time="0.003">
    <system-out><![CDATA[┌───────┐
│ O   O │
│ O   O │
│ O   O │
└───────┘

Alice, no hay fichas que puedas mover con 6
┌───────┐
│ O     │
│   O   │
│     O │
└───────┘

Alice, no hay fichas que puedas mover con 3
]]></system-out>
  </testcase>
</testsuite>